# JRE version: Java(TM) SE Runtime Environment (8.0_301-b09) (build 1.8.0_301-b09)
# Java VM: Java HotSpot(TM) 64-Bit Server VM (25.301-b09 mixed mode windows-amd64 compressed oops)
Heap:
 PSYoungGen      total 71680K, used 25387K [0x00000000d5f80000, 0x00000000deb80000, 0x0000000100000000)
  eden space 66560K, 38% used [0x00000000d5f80000,0x00000000d784af48,0x00000000da080000)
  from space 5120K, 0% used [0x00000000da080000,0x00000000da080000,0x00000000da580000)
  to   space 5120K, 0% used [0x00000000de680000,0x00000000de680000,0x00000000deb80000)
 ParOldGen       total 73728K, used 20042K [0x0000000081e00000, 0x0000000086600000, 0x00000000d5f80000)
  object space 73728K, 27% used [0x0000000081e00000,0x0000000083192aa8,0x0000000086600000)
 Metaspace       used 24493K, capacity 25610K, committed 25984K, reserved 1071104K
  class space    used 3352K, capacity 3590K, committed 3712K, reserved 1048576K
GC Heap History (8 events):
Event: 1.091 GC heap before
{Heap before GC invocations=1 (full 0):
 PSYoungGen      total 38400K, used 33280K [0x00000000d5f80000, 0x00000000d8a00000, 0x0000000100000000)
  eden space 33280K, 100% used [0x00000000d5f80000,0x00000000d8000000,0x00000000d8000000)
  from space 5120K, 0% used [0x00000000d8500000,0x00000000d8500000,0x00000000d8a00000)
  to   space 5120K, 0% used [0x00000000d8000000,0x00000000d8000000,0x00000000d8500000)
 ParOldGen       total 87552K, used 0K [0x0000000081e00000, 0x0000000087380000, 0x00000000d5f80000)
  object space 87552K, 0% used [0x0000000081e00000,0x0000000081e00000,0x0000000087380000)
 Metaspace       used 10215K, capacity 10700K, committed 10752K, reserved 1058816K
  class space    used 1377K, capacity 1519K, committed 1536K, reserved 1048576K
Event: 1.112 GC heap after
Heap after GC invocations=1 (full 0):
 PSYoungGen      total 38400K, used 3964K [0x00000000d5f80000, 0x00000000daa80000, 0x0000000100000000)
  eden space 33280K, 0% used [0x00000000d5f80000,0x00000000d5f80000,0x00000000d8000000)
  from space 5120K, 77% used [0x00000000d8000000,0x00000000d83df240,0x00000000d8500000)
  to   space 5120K, 0% used [0x00000000da580000,0x00000000da580000,0x00000000daa80000)
 ParOldGen       total 87552K, used 12016K [0x0000000081e00000, 0x0000000087380000, 0x00000000d5f80000)
  object space 87552K, 13% used [0x0000000081e00000,0x00000000829bc010,0x0000000087380000)
 Metaspace       used 10215K, capacity 10700K, committed 10752K, reserved 1058816K
  class space    used 1377K, capacity 1519K, committed 1536K, reserved 1048576K
}
Event: 3.233 GC heap before
{Heap before GC invocations=2 (full 0):
 PSYoungGen      total 38400K, used 37244K [0x00000000d5f80000, 0x00000000daa80000, 0x0000000100000000)
  eden space 33280K, 100% used [0x00000000d5f80000,0x00000000d8000000,0x00000000d8000000)
  from space 5120K, 77% used [0x00000000d8000000,0x00000000d83df240,0x00000000d8500000)
  to   space 5120K, 0% used [0x00000000da580000,0x00000000da580000,0x00000000daa80000)
 ParOldGen       total 87552K, used 12016K [0x0000000081e00000, 0x0000000087380000, 0x00000000d5f80000)
  object space 87552K, 13% used [0x0000000081e00000,0x00000000829bc010,0x0000000087380000)
 Metaspace       used 20118K, capacity 20652K, committed 20992K, reserved 1067008K
  class space    used 2620K, capacity 2787K, committed 2816K, reserved 1048576K
Event: 3.248 GC heap after
Heap after GC invocations=2 (full 0):
 PSYoungGen      total 71680K, used 5110K [0x00000000d5f80000, 0x00000000daa80000, 0x0000000100000000)
  eden space 66560K, 0% used [0x00000000d5f80000,0x00000000d5f80000,0x00000000da080000)
  from space 5120K, 99% used [0x00000000da580000,0x00000000daa7dae8,0x00000000daa80000)
  to   space 5120K, 0% used [0x00000000da080000,0x00000000da080000,0x00000000da580000)
 ParOldGen       total 87552K, used 17006K [0x0000000081e00000, 0x0000000087380000, 0x00000000d5f80000)
  object space 87552K, 19% used [0x0000000081e00000,0x0000000082e9bb20,0x0000000087380000)
 Metaspace       used 20118K, capacity 20652K, committed 20992K, reserved 1067008K
  class space    used 2620K, capacity 2787K, committed 2816K, reserved 1048576K
}
Event: 3.286 GC heap before
{Heap before GC invocations=3 (full 0):
 PSYoungGen      total 71680K, used 8071K [0x00000000d5f80000, 0x00000000daa80000, 0x0000000100000000)
  eden space 66560K, 4% used [0x00000000d5f80000,0x00000000d6264210,0x00000000da080000)
  from space 5120K, 99% used [0x00000000da580000,0x00000000daa7dae8,0x00000000daa80000)
  to   space 5120K, 0% used [0x00000000da080000,0x00000000da080000,0x00000000da580000)
 ParOldGen       total 87552K, used 17006K [0x0000000081e00000, 0x0000000087380000, 0x00000000d5f80000)
  object space 87552K, 19% used [0x0000000081e00000,0x0000000082e9bb20,0x0000000087380000)
 Metaspace       used 20609K, capacity 21132K, committed 21296K, reserved 1067008K
  class space    used 2710K, capacity 2857K, committed 2944K, reserved 1048576K
Event: 3.294 GC heap after
Heap after GC invocations=3 (full 0):
 PSYoungGen      total 71680K, used 5092K [0x00000000d5f80000, 0x00000000deb80000, 0x0000000100000000)
  eden space 66560K, 0% used [0x00000000d5f80000,0x00000000d5f80000,0x00000000da080000)
  from space 5120K, 99% used [0x00000000da080000,0x00000000da5792d8,0x00000000da580000)
  to   space 5120K, 0% used [0x00000000de680000,0x00000000de680000,0x00000000deb80000)
 ParOldGen       total 87552K, used 17116K [0x0000000081e00000, 0x0000000087380000, 0x00000000d5f80000)
  object space 87552K, 19% used [0x0000000081e00000,0x0000000082eb7340,0x0000000087380000)
 Metaspace       used 20609K, capacity 21132K, committed 21296K, reserved 1067008K
  class space    used 2710K, capacity 2857K, committed 2944K, reserved 1048576K
}
Event: 3.295 GC heap before
{Heap before GC invocations=4 (full 1):
 PSYoungGen      total 71680K, used 5092K [0x00000000d5f80000, 0x00000000deb80000, 0x0000000100000000)
  eden space 66560K, 0% used [0x00000000d5f80000,0x00000000d5f80000,0x00000000da080000)
  from space 5120K, 99% used [0x00000000da080000,0x00000000da5792d8,0x00000000da580000)
  to   space 5120K, 0% used [0x00000000de680000,0x00000000de680000,0x00000000deb80000)
 ParOldGen       total 87552K, used 17116K [0x0000000081e00000, 0x0000000087380000, 0x00000000d5f80000)
  object space 87552K, 19% used [0x0000000081e00000,0x0000000082eb7340,0x0000000087380000)
 Metaspace       used 20609K, capacity 21132K, committed 21296K, reserved 1067008K
  class space    used 2710K, capacity 2857K, committed 2944K, reserved 1048576K
Event: 3.331 GC heap after
Heap after GC invocations=4 (full 1):
 PSYoungGen      total 71680K, used 0K [0x00000000d5f80000, 0x00000000deb80000, 0x0000000100000000)
  eden space 66560K, 0% used [0x00000000d5f80000,0x00000000d5f80000,0x00000000da080000)
  from space 5120K, 0% used [0x00000000da080000,0x00000000da080000,0x00000000da580000)
  to   space 5120K, 0% used [0x00000000de680000,0x00000000de680000,0x00000000deb80000)
 ParOldGen       total 73728K, used 20042K [0x0000000081e00000, 0x0000000086600000, 0x00000000d5f80000)
  object space 73728K, 27% used [0x0000000081e00000,0x0000000083192aa8,0x0000000086600000)
 Metaspace       used 20609K, capacity 21132K, committed 21296K, reserved 1067008K
  class space    used 2710K, capacity 2857K, committed 2944K, reserved 1048576K
}

